<?xml version="1.0" encoding="UTF-8"?>
<testsuite xmlns:xsi="http://www.w3.org/2001/XMLSchema-instance" xsi:noNamespaceSchemaLocation="https://maven.apache.org/surefire/maven-surefire-plugin/xsd/surefire-test-report-3.0.xsd" version="3.0" name="system.TransactionManagerTest" time="1.084" tests="10" errors="0" skipped="0" failures="0">
  <properties>
[...]
</properties>
  <testcase name="testRollbackToSavepointRequiresTransaction" classname="system.TransactionManagerTest" time="0.356">
    <system-out><![CDATA[2026-05-30 23:54:13 [main] edu.sustech.cs307.logicalOperator.ddl.CreateTableExecutor.execute()
INFO: Successfully created table: users
]]></system-out>
  </testcase>
  <testcase name="testRollbackRestoresStateBeforeBegin" classname="system.TransactionManagerTest" time="0.122">
    <system-out><![CDATA[2026-05-30 23:54:13 [main] edu.sustech.cs307.logicalOperator.ddl.CreateTableExecutor.execute()
INFO: Successfully created table: users
]]></system-out>
  </testcase>
  <testcase name="testBeginInsideTransactionShouldFail" classname="system.TransactionManagerTest" time="0.006"/>
  <testcase name="testSavepointRequiresTransaction" classname="system.TransactionManagerTest" time="0.017">
    <system-out><![CDATA[2026-05-30 23:54:13 [main] edu.sustech.cs307.logicalOperator.ddl.CreateTableExecutor.execute()
INFO: Successfully created table: users
]]></system-out>
  </testcase>
  <testcase name="testDuplicateSavepointNamesFollowStackSemantics" classname="system.TransactionManagerTest" time="0.144">
    <system-out><![CDATA[2026-05-30 23:54:13 [main] edu.sustech.cs307.logicalOperator.ddl.CreateTableExecutor.execute()
INFO: Successfully created table: users
]]></system-out>
  </testcase>
  <testcase name="testCommitAndRollbackOutsideTransactionAreNoOps" classname="system.TransactionManagerTest" time="0.024">
    <system-out><![CDATA[2026-05-30 23:54:13 [main] edu.sustech.cs307.logicalOperator.ddl.CreateTableExecutor.execute()
INFO: Successfully created table: users
]]></system-out>
  </testcase>
  <testcase name="testReleaseSavepointRequiresTransaction" classname="system.TransactionManagerTest" time="0.021">
    <system-out><![CDATA[2026-05-30 23:54:13 [main] edu.sustech.cs307.logicalOperator.ddl.CreateTableExecutor.execute()
INFO: Successfully created table: users
]]></system-out>
  </testcase>
  <testcase name="testReleaseSavepointRemovesRollbackTarget" classname="system.TransactionManagerTest" time="0.102">
    <system-out><![CDATA[2026-05-30 23:54:13 [main] edu.sustech.cs307.logicalOperator.ddl.CreateTableExecutor.execute()
INFO: Successfully created table: users
]]></system-out>
  </testcase>
  <testcase name="testRollbackToSavepointKeepsTargetActive" classname="system.TransactionManagerTest" time="0.148">
    <system-out><![CDATA[2026-05-30 23:54:13 [main] edu.sustech.cs307.logicalOperator.ddl.CreateTableExecutor.execute()
INFO: Successfully created table: users
]]></system-out>
  </testcase>
  <testcase name="testRollbackToSavepointThenCommit" classname="system.TransactionManagerTest" time="0.111">
    <system-out><![CDATA[2026-05-30 23:54:13 [main] edu.sustech.cs307.logicalOperator.ddl.CreateTableExecutor.execute()
INFO: Successfully created table: users
]]></system-out>
  </testcase>
</testsuite>